TN:
SF:app.js
FNF:0
FNH:0
DA:1,2
DA:2,2
DA:5,2
DA:8,2
DA:9,2
DA:10,2
DA:11,2
DA:13,2
DA:14,2
DA:15,2
DA:16,2
DA:17,2
DA:18,2
LF:13
LH:13
BRDA:1,0,0,2
BRDA:1,0,1,0
BRF:2
BRH:1
end_of_record
TN:
SF:controllers/CuisineController.js
FN:4,(anonymous_0)
FN:12,(anonymous_1)
FN:84,(anonymous_2)
FNF:3
FNH:0
FNDA:0,(anonymous_0)
FNDA:0,(anonymous_1)
FNDA:0,(anonymous_2)
DA:1,2
DA:5,0
DA:6,0
DA:8,0
DA:13,0
DA:14,0
DA:15,0
DA:16,0
DA:20,0
DA:21,0
DA:28,0
DA:29,0
DA:30,0
DA:32,0
DA:33,0
DA:39,0
DA:40,0
DA:41,0
DA:42,0
DA:46,0
DA:47,0
DA:48,0
DA:49,0
DA:50,0
DA:52,0
DA:54,0
DA:55,0
DA:56,0
DA:60,0
DA:72,0
DA:80,0
DA:85,0
DA:86,0
DA:88,0
DA:90,0
DA:97,0
DA:102,0
DA:112,2
LF:38
LH:2
BRDA:20,0,0,0
BRDA:20,0,1,0
BRDA:28,1,0,0
BRDA:28,1,1,0
BRDA:28,2,0,0
BRDA:28,2,1,0
BRDA:29,3,0,0
BRDA:29,3,1,0
BRDA:32,4,0,0
BRDA:32,4,1,0
BRDA:39,5,0,0
BRDA:39,5,1,0
BRDA:40,6,0,0
BRDA:40,6,1,0
BRDA:41,7,0,0
BRDA:41,7,1,0
BRDA:48,8,0,0
BRDA:48,8,1,0
BRDA:49,9,0,0
BRDA:49,9,1,0
BRDA:54,10,0,0
BRDA:54,10,1,0
BRDA:88,11,0,0
BRDA:88,11,1,0
BRF:24
BRH:0
end_of_record
TN:
SF:controllers/UserController.js
FN:5,(anonymous_0)
FN:16,(anonymous_1)
FNF:2
FNH:1
FNDA:0,(anonymous_0)
FNDA:5,(anonymous_1)
DA:1,2
DA:2,2
DA:3,2
DA:6,0
DA:7,0
DA:8,0
DA:13,0
DA:17,5
DA:18,5
DA:19,5
DA:20,4
DA:22,1
DA:26,1
DA:27,0
DA:30,1
DA:32,1
DA:33,0
DA:35,1
DA:39,1
DA:45,4
DA:49,2
LF:21
LH:15
BRDA:19,0,0,4
BRDA:19,0,1,1
BRDA:19,1,0,5
BRDA:19,1,1,2
BRDA:26,2,0,0
BRDA:26,2,1,1
BRDA:32,3,0,0
BRDA:32,3,1,1
BRF:8
BRH:6
end_of_record
TN:
SF:helpers/bcrypt.js
FN:3,(anonymous_0)
FN:4,(anonymous_1)
FNF:2
FNH:2
FNDA:6,(anonymous_0)
FNDA:1,(anonymous_1)
DA:1,2
DA:2,2
DA:3,6
DA:4,1
LF:4
LH:4
BRF:0
BRH:0
end_of_record
TN:
SF:helpers/jwt.js
FN:4,(anonymous_0)
FN:9,(anonymous_1)
FNF:2
FNH:1
FNDA:1,(anonymous_0)
FNDA:0,(anonymous_1)
DA:1,2
DA:2,2
DA:4,2
DA:5,1
DA:6,1
DA:9,2
DA:10,0
DA:11,0
DA:13,2
LF:9
LH:7
BRF:0
BRH:0
end_of_record
TN:
SF:middleware/errorHandler.js
FN:1,errorHandler
FN:20,(anonymous_1)
FNF:2
FNH:1
FNDA:4,errorHandler
FNDA:0,(anonymous_1)
DA:2,4
DA:3,4
DA:5,4
DA:6,0
DA:11,4
DA:13,4
DA:14,4
DA:15,4
DA:19,0
DA:20,0
DA:21,0
DA:25,0
DA:26,0
DA:27,0
DA:30,0
DA:31,0
DA:32,0
DA:35,0
DA:36,0
DA:37,0
DA:40,0
DA:41,0
DA:42,0
DA:45,0
DA:46,0
DA:47,0
DA:50,0
DA:51,0
DA:52,0
DA:55,0
DA:56,0
DA:57,0
DA:60,0
DA:61,0
DA:62,0
DA:65,0
DA:66,0
DA:67,0
DA:70,4
DA:75,2
LF:40
LH:9
BRDA:5,0,0,0
BRDA:5,0,1,4
BRDA:11,1,0,4
BRDA:11,1,1,0
BRDA:11,1,2,0
BRDA:11,1,3,0
BRDA:11,1,4,0
BRDA:11,1,5,0
BRDA:11,1,6,0
BRDA:11,1,7,0
BRDA:11,1,8,0
BRDA:11,1,9,0
BRDA:11,1,10,0
BRDA:11,1,11,0
BRDA:11,1,12,0
BRF:15
BRH:2
end_of_record
TN:
SF:models/category.js
FN:3,(anonymous_0)
FN:5,(anonymous_1)
FNF:2
FNH:2
FNDA:2,(anonymous_0)
FNDA:2,(anonymous_1)
DA:2,2
DA:3,2
DA:6,2
DA:11,2
DA:33,2
LF:5
LH:5
BRF:0
BRH:0
end_of_record
TN:
SF:models/cuisine.js
FN:3,(anonymous_0)
FN:5,(anonymous_1)
FNF:2
FNH:2
FNDA:2,(anonymous_0)
FNDA:2,(anonymous_1)
DA:2,2
DA:3,2
DA:6,2
DA:7,2
DA:8,2
DA:15,2
DA:86,2
LF:7
LH:7
BRF:0
BRH:0
end_of_record
TN:
SF:models/favorite.js
FN:3,(anonymous_0)
FN:5,(anonymous_1)
FNF:2
FNH:2
FNDA:2,(anonymous_0)
FNDA:2,(anonymous_1)
DA:2,2
DA:3,2
DA:6,2
DA:7,2
DA:10,2
DA:20,2
LF:6
LH:6
BRF:0
BRH:0
end_of_record
TN:
SF:models/index.js
FN:21,(anonymous_0)
FN:29,(anonymous_1)
FN:34,(anonymous_2)
FNF:3
FNH:3
FNDA:10,(anonymous_0)
FNDA:8,(anonymous_1)
FNDA:8,(anonymous_2)
DA:3,2
DA:4,2
DA:5,2
DA:6,2
DA:7,2
DA:8,2
DA:9,2
DA:10,2
DA:13,2
DA:14,0
DA:16,2
DA:19,2
DA:22,10
DA:30,8
DA:31,8
DA:34,2
DA:35,8
DA:36,8
DA:40,2
DA:41,2
DA:43,2
LF:21
LH:20
BRDA:8,0,0,2
BRDA:8,0,1,0
BRDA:13,1,0,0
BRDA:13,1,1,2
BRDA:23,2,0,10
BRDA:23,2,1,10
BRDA:23,2,2,8
BRDA:23,2,3,8
BRDA:35,3,0,8
BRDA:35,3,1,0
BRF:10
BRH:7
end_of_record
TN:
SF:models/user.js
FN:4,(anonymous_0)
FN:6,(anonymous_1)
FN:63,(anonymous_2)
FN:78,(anonymous_3)
FNF:4
FNH:2
FNDA:2,(anonymous_0)
FNDA:2,(anonymous_1)
FNDA:0,(anonymous_2)
FNDA:0,(anonymous_3)
DA:2,2
DA:3,2
DA:4,2
DA:7,2
DA:11,2
DA:18,2
DA:64,0
DA:65,0
DA:79,0
DA:80,0
DA:85,2
LF:11
LH:7
BRDA:64,0,0,0
BRDA:64,0,1,0
BRF:2
BRH:0
end_of_record
TN:
SF:routes/index.js
FNF:0
FNH:0
DA:1,2
DA:2,2
DA:3,2
DA:4,2
DA:5,2
DA:7,2
DA:8,2
DA:9,2
DA:12,2
LF:9
LH:9
BRF:0
BRH:0
end_of_record
TN:
SF:routes/cuisines/PublicRoute.js
FNF:0
FNH:0
DA:1,2
DA:3,2
DA:4,2
DA:6,2
DA:7,2
DA:9,2
LF:6
LH:6
BRF:0
BRH:0
end_of_record
TN:
SF:routes/users/user.js
FNF:0
FNH:0
DA:1,2
DA:2,2
DA:3,2
DA:4,2
DA:5,2
DA:6,2
LF:6
LH:6
BRF:0
BRH:0
end_of_record
